At time 0 process 1 arrived arr 0 total 7 remain 7 wait 0
At time 0 process 2 arrived arr 0 total 5 remain 5 wait 0
At time 0 process 3 arrived arr 0 total 6 remain 6 wait 0
At time 0 process 4 arrived arr 0 total 4 remain 4 wait 0
At time 0 process 5 arrived arr 0 total 3 remain 3 wait 0
At time 0 process 1 resumed arr 0 total 7 remain 7 wait 0
At time 2 process 1 stopped arr 0 total 7 remain 5 wait 0
At time 2 process 2 resumed arr 0 total 5 remain 5 wait 2
At time 4 process 2 stopped arr 0 total 5 remain 3 wait 2
At time 4 process 3 resumed arr 0 total 6 remain 6 wait 4
At time 6 process 3 stopped arr 0 total 6 remain 4 wait 4
At time 6 process 4 resumed arr 0 total 4 remain 4 wait 6
At time 8 process 4 stopped arr 0 total 4 remain 2 wait 6
At time 8 process 5 blocked arr 0 total 3 remain 3 wait 8
At time 8 process 1 resumed arr 0 total 7 remain 5 wait 6
At time 8 process 1 resumed arr 0 total 7 remain 5 wait 6
At time 10 process 1 stopped arr 0 total 7 remain 3 wait 6
At time 10 process 2 resumed arr 0 total 5 remain 3 wait 8
At time 10 process 2 resumed arr 0 total 5 remain 3 wait 8
At time 12 process 2 stopped arr 0 total 5 remain 1 wait 8
At time 12 process 3 resumed arr 0 total 6 remain 4 wait 10
At time 12 process 3 resumed arr 0 total 6 remain 4 wait 10
At time 14 process 3 stopped arr 0 total 6 remain 2 wait 10
At time 14 process 4 resumed arr 0 total 4 remain 2 wait 12
At time 14 process 4 resumed arr 0 total 4 remain 2 wait 12
At time 16 process 4 finished arr 0 total 4 remain 0 wait 12 TA 16 WTA 4.00
At time 16 process 1 resumed arr 0 total 7 remain 3 wait 12
At time 16 process 1 resumed arr 0 total 7 remain 3 wait 12
At time 18 process 1 stopped arr 0 total 7 remain 1 wait 12
At time 18 process 2 resumed arr 0 total 5 remain 1 wait 14
At time 18 process 2 resumed arr 0 total 5 remain 1 wait 14
At time 19 process 2 finished arr 0 total 5 remain 0 wait 14 TA 19 WTA 3.80
At time 19 process 3 resumed arr 0 total 6 remain 2 wait 15
At time 19 process 3 resumed arr 0 total 6 remain 2 wait 15
At time 21 process 3 finished arr 0 total 6 remain 0 wait 15 TA 21 WTA 3.50
At time 21 process 5 resumed arr 0 total 3 remain 3 wait 21
At time 23 process 5 stopped arr 0 total 3 remain 1 wait 21
At time 23 process 1 resumed arr 0 total 7 remain 1 wait 17
At time 23 process 1 resumed arr 0 total 7 remain 1 wait 17
At time 24 process 1 finished arr 0 total 7 remain 0 wait 17 TA 24 WTA 3.43
At time 24 process 5 resumed arr 0 total 3 remain 1 wait 22
At time 24 process 5 resumed arr 0 total 3 remain 1 wait 22
At time 25 process 5 finished arr 0 total 3 remain 0 wait 22 TA 25 WTA 8.33
